<?xml version="1.0" encoding="UTF-8"?>
<!-- Generated by org.testng.reporters.JUnitReportReporter -->
<testsuite hostname="DESKTOP-EUCHIB2" failures="0" tests="1" name="testCases.InfoExcel" time="0.007" errors="0" timestamp="2021-11-11T12:42:46 IST" skipped="0">
  <testcase classname="testCases.InfoExcel" name="testMyInfo" time="0.007"/>
  <system-out/>
</testsuite> <!-- testCases.InfoExcel -->
