<?xml version="1.0" encoding="UTF-8"?>
<!-- Generated by org.testng.reporters.JUnitReportReporter -->
<testsuite hostname="DESKTOP-EUCHIB2" failures="0" tests="1" name="testCases.Log4jDemo" time="0.027" errors="0" timestamp="2021-11-24T08:51:24 IST" skipped="0">
  <testcase classname="testCases.Log4jDemo" name="test" time="0.027"/>
  <system-out/>
</testsuite> <!-- testCases.Log4jDemo -->
