<?xml version="1.0" encoding="UTF-8"?>
<!-- Generated by org.testng.reporters.JUnitReportReporter -->
<testsuite hostname="DESKTOP-EUCHIB2" failures="0" tests="4" name="testCases.MyInfoTest" time="59.336" errors="0" timestamp="2021-11-13T08:48:24 IST" skipped="0">
  <testcase classname="testCases.MyInfoTest" name="testMyInfo" time="22.658"/>
  <system-out/>
  <testcase classname="testCases.MyInfoTest" name="customFields" time="15.195"/>
  <system-out/>
  <testcase classname="testCases.MyInfoTest" name="Attachments" time="0.002"/>
  <system-out/>
  <testcase classname="testCases.MyInfoTest" name="testMyInfo" time="21.481"/>
  <system-out/>
</testsuite> <!-- testCases.MyInfoTest -->
