<?xml version="1.0" encoding="UTF-8"?>
<!-- Generated by org.testng.reporters.JUnitReportReporter -->
<testsuite hostname="DESKTOP-EUCHIB2" failures="0" tests="1" name="Common.ReadExcel" time="0.648" errors="0" timestamp="2021-11-11T08:38:15 IST" skipped="0">
  <testcase classname="Common.ReadExcel" name="ReadData" time="0.648"/>
  <system-out/>
</testsuite> <!-- Common.ReadExcel -->
