<?xml version="1.0" encoding="UTF-8"?>
<!-- Generated by org.testng.reporters.JUnitReportReporter -->
<testsuite hostname="DESKTOP-EUCHIB2" failures="0" tests="1" name="testCases.AddEmpTest" time="6.934" errors="0" timestamp="2021-11-20T08:57:43 IST" skipped="0">
  <testcase classname="testCases.AddEmpTest" name="test1" time="6.934"/>
  <system-out/>
</testsuite> <!-- testCases.AddEmpTest -->
