<?xml version="1.0" encoding="UTF-8"?>
<!-- Generated by org.testng.reporters.JUnitReportReporter -->
<testsuite hostname="DESKTOP-EUCHIB2" failures="0" tests="1" name="testCases.ExtentReportsTest" time="0.343" errors="0" timestamp="2021-11-13T08:03:39 IST" skipped="0">
  <testcase classname="testCases.ExtentReportsTest" name="tc1" time="0.343"/>
  <system-out/>
</testsuite> <!-- testCases.ExtentReportsTest -->
